<?xml version="1.0" encoding="UTF-8"?>
<testng-results skipped="0" failed="0" total="1" passed="1">
  <reporter-output>
  </reporter-output>
  <suite name="Suite" duration-ms="34" started-at="2015-12-09T06:07:56Z" finished-at="2015-12-09T06:07:56Z">
    <groups>
    </groups>
    <test name="Test" duration-ms="34" started-at="2015-12-09T06:07:56Z" finished-at="2015-12-09T06:07:56Z">
      <class name="org.config.maven.TestSuite">
        <test-method status="PASS" signature="configTest()[pri:0, instance:org.config.maven.TestSuite@39ba5a14]" name="configTest" duration-ms="15" started-at="2015-12-09T06:07:56Z" finished-at="2015-12-09T06:07:56Z">
        </test-method> <!-- configTest -->
      </class> <!-- org.config.maven.TestSuite -->
    </test> <!-- Test -->
  </suite> <!-- Suite -->
</testng-results>
